生成启动时间为 2016/04/18 16:42:25。
     1>项目“F:\BIT\学习\毕业设计\minic_compiler\minic_compiler\minic_compiler.vcxproj”在节点 2 上(Build 个目标)。
     1>C:\Program Files (x86)\MSBuild\Microsoft.Cpp\v4.0\V120\Microsoft.CppBuild.targets(357,5): warning MSB8004: Output Directory does not end with a trailing slash.  This build instance will add the slash as it is required to allow proper evaluation of the Output Directory.
     1>ClCompile:
         D:\VS2013\VC\bin\CL.exe /c /ZI /nologo /W3 /WX- /Od /Oy- /D WIN32 /D _DEBUG /D _CONSOLE /D _UNICODE /D UNICODE /Gm /EHsc /RTC1 /MDd /GS /fp:precise /Zc:wchar_t /Zc:forScope /Yu"stdafx.h" /Fp"Debug\minic_compiler.pch" /Fo"Debug\\" /Fd"Debug\vc120.pdb" /Gd /TP /analyze- /errorReport:prompt minic_compiler.cpp
         minic_compiler.cpp
     1>f:\bit\学习\毕业设计\minic_compiler\minic_compiler\symbol.h(40): warning C4996: 'strcpy': This function or variable may be unsafe. Consider using strcpy_s instead. To disable deprecation, use _CRT_SECURE_NO_WARNINGS. See online help for details.
                 d:\vs2013\vc\include\string.h(112) : 参见“strcpy”的声明
     1>f:\bit\学习\毕业设计\minic_compiler\minic_compiler\scan.h(19): warning C4996: 'fopen': This function or variable may be unsafe. Consider using fopen_s instead. To disable deprecation, use _CRT_SECURE_NO_WARNINGS. See online help for details.
                 d:\vs2013\vc\include\stdio.h(211) : 参见“fopen”的声明
     1>f:\bit\学习\毕业设计\minic_compiler\minic_compiler\scan.h(87): warning C4996: 'fopen': This function or variable may be unsafe. Consider using fopen_s instead. To disable deprecation, use _CRT_SECURE_NO_WARNINGS. See online help for details.
                 d:\vs2013\vc\include\stdio.h(211) : 参见“fopen”的声明
     1>f:\bit\学习\毕业设计\minic_compiler\minic_compiler\minic_compiler.cpp(46): warning C4996: 'strcpy': This function or variable may be unsafe. Consider using strcpy_s instead. To disable deprecation, use _CRT_SECURE_NO_WARNINGS. See online help for details.
                 d:\vs2013\vc\include\string.h(112) : 参见“strcpy”的声明
     1>f:\bit\学习\毕业设计\minic_compiler\minic_compiler\minic_compiler.cpp(51): warning C4996: 'strcpy': This function or variable may be unsafe. Consider using strcpy_s instead. To disable deprecation, use _CRT_SECURE_NO_WARNINGS. See online help for details.
                 d:\vs2013\vc\include\string.h(112) : 参见“strcpy”的声明
     1>f:\bit\学习\毕业设计\minic_compiler\minic_compiler\minic_compiler.cpp(61): warning C4996: 'strcpy': This function or variable may be unsafe. Consider using strcpy_s instead. To disable deprecation, use _CRT_SECURE_NO_WARNINGS. See online help for details.
                 d:\vs2013\vc\include\string.h(112) : 参见“strcpy”的声明
       Link:
         D:\VS2013\VC\bin\link.exe /ERRORREPORT:PROMPT /OUT:"F:\BIT\学习\毕业设计\minic_compiler\\bin\minic_compiler.exe" /INCREMENTAL:NO /NOLOGO kernel32.lib user32.lib gdi32.lib winspool.lib comdlg32.lib advapi32.lib shell32.lib ole32.lib oleaut32.lib uuid.lib odbc32.lib odbccp32.lib /MANIFEST /MANIFESTUAC:"level='asInvoker' uiAccess='false'" /manifest:embed /DEBUG /PDB:"F:\BIT\学习\毕业设计\minic_compiler\\bin\minic_compiler.pdb" /SUBSYSTEM:CONSOLE /TLBID:1 /DYNAMICBASE /NXCOMPAT /IMPLIB:"F:\BIT\学习\毕业设计\minic_compiler\\bin\minic_compiler.lib" /MACHINE:X86 Debug\minic_compiler.obj
         Debug\stdafx.obj
     1>minic_compiler.obj : warning LNK4075: 忽略“/EDITANDCONTINUE”(由于“/OPT:LBR”规范)
         minic_compiler.vcxproj -> F:\BIT\学习\毕业设计\minic_compiler\\bin\minic_compiler.exe
     1>已完成生成项目“F:\BIT\学习\毕业设计\minic_compiler\minic_compiler\minic_compiler.vcxproj”(Build 个目标)的操作。

生成成功。

已用时间 00:00:00.73
